15:03:09.228 [main] DEBUG c.i.karate.cucumber.CucumberRunner - init test class: class examples.ExamplesTest
15:03:09.481 [main] DEBUG c.i.karate.cucumber.CucumberRunner - loading feature: /D:/xampp/htdocs/Manoj/filesharing/javaTraining/from%20github/myproject/target/test-classes/examples/users/character.feature
15:03:14.415 [main] INFO  com.intuit.karate - karate.env system property was: dev 
15:03:14.926 [main] DEBUG com.intuit.karate - 
1 > POST http://localhost:8080/api/characters
1 > Accept-Encoding: gzip,deflate
1 > Connection: Keep-Alive
1 > Content-Length: 26
1 > Content-Type: application/json
1 > Host: localhost:8080
1 > User-Agent: Apache-HttpClient/4.5.3 (Java/1.8.0_25)
[{"id":0,"name":"string"}]

15:03:15.095 [main] DEBUG com.intuit.karate - 
1 < 400
1 < Connection: close
1 < Content-Type: application/json;charset=UTF-8
1 < Date: Thu, 17 Aug 2017 09:33:15 GMT
1 < Server: Apache-Coyote/1.1
1 < Transfer-Encoding: chunked
{"timestamp":1502962395048,"status":400,"error":"Bad Request","exception":"org.springframework.http.converter.HttpMessageNotReadableException","message":"Could not read document: Can not deserialize instance of com.Character.Character out of START_ARRAY token\n at [Source: java.io.PushbackInputStream@306d9496; line: 1, column: 1]; nested exception is com.fasterxml.jackson.databind.JsonMappingException: Can not deserialize instance of com.Character.Character out of START_ARRAY token\n at [Source: java.io.PushbackInputStream@306d9496; line: 1, column: 1]","path":"/api/characters"}

15:03:15.095 [main] DEBUG com.intuit.karate - response time in milliseconds: 443
15:03:15.208 [main] ERROR com.intuit.karate - status code was: 400, expected: 200, response time: 443, url: http://localhost:8080/api/characters, response: {"timestamp":1502962395048,"status":400,"error":"Bad Request","exception":"org.springframework.http.converter.HttpMessageNotReadableException","message":"Could not read document: Can not deserialize instance of com.Character.Character out of START_ARRAY token\n at [Source: java.io.PushbackInputStream@306d9496; line: 1, column: 1]; nested exception is com.fasterxml.jackson.databind.JsonMappingException: Can not deserialize instance of com.Character.Character out of START_ARRAY token\n at [Source: java.io.PushbackInputStream@306d9496; line: 1, column: 1]","path":"/api/characters"}
15:04:17.726 [main] DEBUG c.i.karate.cucumber.CucumberRunner - init test class: class examples.ExamplesTest
15:04:17.912 [main] DEBUG c.i.karate.cucumber.CucumberRunner - loading feature: /D:/xampp/htdocs/Manoj/filesharing/javaTraining/from%20github/myproject/target/test-classes/examples/users/character.feature
15:04:18.537 [main] INFO  com.intuit.karate - karate.env system property was: dev 
15:04:19.018 [main] DEBUG com.intuit.karate - 
1 > POST http://localhost:8080/api/characters
1 > Accept-Encoding: gzip,deflate
1 > Connection: Keep-Alive
1 > Content-Length: 26
1 > Content-Type: application/json
1 > Host: localhost:8080
1 > User-Agent: Apache-HttpClient/4.5.3 (Java/1.8.0_25)
[{"id":0,"name":"string"}]

15:04:19.157 [main] DEBUG com.intuit.karate - 
1 < 400
1 < Connection: close
1 < Content-Type: application/json;charset=UTF-8
1 < Date: Thu, 17 Aug 2017 09:34:19 GMT
1 < Server: Apache-Coyote/1.1
1 < Transfer-Encoding: chunked
{"timestamp":1502962459141,"status":400,"error":"Bad Request","exception":"org.springframework.http.converter.HttpMessageNotReadableException","message":"Could not read document: Can not deserialize instance of com.Character.Character out of START_ARRAY token\n at [Source: java.io.PushbackInputStream@3467470a; line: 1, column: 1]; nested exception is com.fasterxml.jackson.databind.JsonMappingException: Can not deserialize instance of com.Character.Character out of START_ARRAY token\n at [Source: java.io.PushbackInputStream@3467470a; line: 1, column: 1]","path":"/api/characters"}

15:04:19.157 [main] DEBUG com.intuit.karate - response time in milliseconds: 455
15:04:19.157 [main] ERROR com.intuit.karate - status code was: 400, expected: 200, response time: 455, url: http://localhost:8080/api/characters, response: {"timestamp":1502962459141,"status":400,"error":"Bad Request","exception":"org.springframework.http.converter.HttpMessageNotReadableException","message":"Could not read document: Can not deserialize instance of com.Character.Character out of START_ARRAY token\n at [Source: java.io.PushbackInputStream@3467470a; line: 1, column: 1]; nested exception is com.fasterxml.jackson.databind.JsonMappingException: Can not deserialize instance of com.Character.Character out of START_ARRAY token\n at [Source: java.io.PushbackInputStream@3467470a; line: 1, column: 1]","path":"/api/characters"}
15:06:34.766 [main] DEBUG c.i.karate.cucumber.CucumberRunner - init test class: class examples.ExamplesTest
15:06:34.897 [main] DEBUG c.i.karate.cucumber.CucumberRunner - loading feature: /D:/xampp/htdocs/Manoj/filesharing/javaTraining/from%20github/myproject/target/test-classes/examples/Character/character.feature
15:06:34.923 [main] DEBUG c.i.karate.cucumber.CucumberRunner - loading feature: /D:/xampp/htdocs/Manoj/filesharing/javaTraining/from%20github/myproject/target/test-classes/examples/users/character.feature
15:06:35.551 [main] INFO  com.intuit.karate - karate.env system property was: dev 
15:06:36.001 [main] DEBUG com.intuit.karate - 
1 > POST http://localhost:8080/api/characters
1 > Accept-Encoding: gzip,deflate
1 > Connection: Keep-Alive
1 > Content-Length: 26
1 > Content-Type: application/json
1 > Host: localhost:8080
1 > User-Agent: Apache-HttpClient/4.5.3 (Java/1.8.0_25)
[{"id":0,"name":"string"}]

15:06:36.101 [main] DEBUG com.intuit.karate - 
1 < 400
1 < Connection: close
1 < Content-Type: application/json;charset=UTF-8
1 < Date: Thu, 17 Aug 2017 09:36:36 GMT
1 < Server: Apache-Coyote/1.1
1 < Transfer-Encoding: chunked
{"timestamp":1502962596094,"status":400,"error":"Bad Request","exception":"org.springframework.http.converter.HttpMessageNotReadableException","message":"Could not read document: Can not deserialize instance of com.Character.Character out of START_ARRAY token\n at [Source: java.io.PushbackInputStream@20c002ea; line: 1, column: 1]; nested exception is com.fasterxml.jackson.databind.JsonMappingException: Can not deserialize instance of com.Character.Character out of START_ARRAY token\n at [Source: java.io.PushbackInputStream@20c002ea; line: 1, column: 1]","path":"/api/characters"}

15:06:36.102 [main] DEBUG com.intuit.karate - response time in milliseconds: 346
15:06:36.104 [main] ERROR com.intuit.karate - status code was: 400, expected: 200, response time: 346, url: http://localhost:8080/api/characters, response: {"timestamp":1502962596094,"status":400,"error":"Bad Request","exception":"org.springframework.http.converter.HttpMessageNotReadableException","message":"Could not read document: Can not deserialize instance of com.Character.Character out of START_ARRAY token\n at [Source: java.io.PushbackInputStream@20c002ea; line: 1, column: 1]; nested exception is com.fasterxml.jackson.databind.JsonMappingException: Can not deserialize instance of com.Character.Character out of START_ARRAY token\n at [Source: java.io.PushbackInputStream@20c002ea; line: 1, column: 1]","path":"/api/characters"}
15:06:36.236 [main] INFO  com.intuit.karate - karate.env system property was: dev 
15:06:36.290 [main] DEBUG com.intuit.karate - 
1 > POST http://localhost:8080/api/characters
1 > Accept-Encoding: gzip,deflate
1 > Connection: Keep-Alive
1 > Content-Length: 26
1 > Content-Type: application/json
1 > Host: localhost:8080
1 > User-Agent: Apache-HttpClient/4.5.3 (Java/1.8.0_25)
[{"id":0,"name":"string"}]

15:06:36.294 [main] DEBUG com.intuit.karate - 
1 < 400
1 < Connection: close
1 < Content-Type: application/json;charset=UTF-8
1 < Date: Thu, 17 Aug 2017 09:36:36 GMT
1 < Server: Apache-Coyote/1.1
1 < Transfer-Encoding: chunked
{"timestamp":1502962596293,"status":400,"error":"Bad Request","exception":"org.springframework.http.converter.HttpMessageNotReadableException","message":"Could not read document: Can not deserialize instance of com.Character.Character out of START_ARRAY token\n at [Source: java.io.PushbackInputStream@a90b27e; line: 1, column: 1]; nested exception is com.fasterxml.jackson.databind.JsonMappingException: Can not deserialize instance of com.Character.Character out of START_ARRAY token\n at [Source: java.io.PushbackInputStream@a90b27e; line: 1, column: 1]","path":"/api/characters"}

15:06:36.294 [main] DEBUG com.intuit.karate - response time in milliseconds: 5
15:06:36.295 [main] ERROR com.intuit.karate - status code was: 400, expected: 200, response time: 5, url: http://localhost:8080/api/characters, response: {"timestamp":1502962596293,"status":400,"error":"Bad Request","exception":"org.springframework.http.converter.HttpMessageNotReadableException","message":"Could not read document: Can not deserialize instance of com.Character.Character out of START_ARRAY token\n at [Source: java.io.PushbackInputStream@a90b27e; line: 1, column: 1]; nested exception is com.fasterxml.jackson.databind.JsonMappingException: Can not deserialize instance of com.Character.Character out of START_ARRAY token\n at [Source: java.io.PushbackInputStream@a90b27e; line: 1, column: 1]","path":"/api/characters"}
15:07:56.477 [main] DEBUG c.i.karate.cucumber.CucumberRunner - init test class: class examples.ExamplesTest
15:07:56.631 [main] DEBUG c.i.karate.cucumber.CucumberRunner - loading feature: /D:/xampp/htdocs/Manoj/filesharing/javaTraining/from%20github/myproject/target/test-classes/examples/Character/character.feature
15:07:56.663 [main] DEBUG c.i.karate.cucumber.CucumberRunner - loading feature: /D:/xampp/htdocs/Manoj/filesharing/javaTraining/from%20github/myproject/target/test-classes/examples/users/character.feature
15:07:57.306 [main] INFO  com.intuit.karate - karate.env system property was: dev 
15:07:57.687 [main] DEBUG com.intuit.karate - 
1 > POST http://localhost:8080/api/characters
1 > Accept-Encoding: gzip,deflate
1 > Connection: Keep-Alive
1 > Content-Length: 26
1 > Content-Type: application/json
1 > Host: localhost:8080
1 > User-Agent: Apache-HttpClient/4.5.3 (Java/1.8.0_25)
[{"id":0,"name":"string"}]

15:07:57.802 [main] DEBUG com.intuit.karate - 
1 < 400
1 < Connection: close
1 < Content-Type: application/json;charset=UTF-8
1 < Date: Thu, 17 Aug 2017 09:37:57 GMT
1 < Server: Apache-Coyote/1.1
1 < Transfer-Encoding: chunked
{"timestamp":1502962677791,"status":400,"error":"Bad Request","exception":"org.springframework.http.converter.HttpMessageNotReadableException","message":"Could not read document: Can not deserialize instance of com.Character.Character out of START_ARRAY token\n at [Source: java.io.PushbackInputStream@2106691; line: 1, column: 1]; nested exception is com.fasterxml.jackson.databind.JsonMappingException: Can not deserialize instance of com.Character.Character out of START_ARRAY token\n at [Source: java.io.PushbackInputStream@2106691; line: 1, column: 1]","path":"/api/characters"}

15:07:57.804 [main] DEBUG com.intuit.karate - response time in milliseconds: 320
15:07:57.807 [main] ERROR com.intuit.karate - status code was: 400, expected: 200, response time: 320, url: http://localhost:8080/api/characters, response: {"timestamp":1502962677791,"status":400,"error":"Bad Request","exception":"org.springframework.http.converter.HttpMessageNotReadableException","message":"Could not read document: Can not deserialize instance of com.Character.Character out of START_ARRAY token\n at [Source: java.io.PushbackInputStream@2106691; line: 1, column: 1]; nested exception is com.fasterxml.jackson.databind.JsonMappingException: Can not deserialize instance of com.Character.Character out of START_ARRAY token\n at [Source: java.io.PushbackInputStream@2106691; line: 1, column: 1]","path":"/api/characters"}
15:07:57.961 [main] INFO  com.intuit.karate - karate.env system property was: dev 
15:07:58.038 [main] DEBUG com.intuit.karate - 
1 > POST http://localhost:8080/api/characters
1 > Accept-Encoding: gzip,deflate
1 > Connection: Keep-Alive
1 > Content-Length: 26
1 > Content-Type: application/json
1 > Host: localhost:8080
1 > User-Agent: Apache-HttpClient/4.5.3 (Java/1.8.0_25)
[{"id":0,"name":"string"}]

15:07:58.046 [main] DEBUG com.intuit.karate - 
1 < 400
1 < Connection: close
1 < Content-Type: application/json;charset=UTF-8
1 < Date: Thu, 17 Aug 2017 09:37:57 GMT
1 < Server: Apache-Coyote/1.1
1 < Transfer-Encoding: chunked
{"timestamp":1502962678043,"status":400,"error":"Bad Request","exception":"org.springframework.http.converter.HttpMessageNotReadableException","message":"Could not read document: Can not deserialize instance of com.Character.Character out of START_ARRAY token\n at [Source: java.io.PushbackInputStream@2a129b17; line: 1, column: 1]; nested exception is com.fasterxml.jackson.databind.JsonMappingException: Can not deserialize instance of com.Character.Character out of START_ARRAY token\n at [Source: java.io.PushbackInputStream@2a129b17; line: 1, column: 1]","path":"/api/characters"}

15:07:58.046 [main] DEBUG com.intuit.karate - response time in milliseconds: 9
15:07:58.047 [main] ERROR com.intuit.karate - status code was: 400, expected: 200, response time: 9, url: http://localhost:8080/api/characters, response: {"timestamp":1502962678043,"status":400,"error":"Bad Request","exception":"org.springframework.http.converter.HttpMessageNotReadableException","message":"Could not read document: Can not deserialize instance of com.Character.Character out of START_ARRAY token\n at [Source: java.io.PushbackInputStream@2a129b17; line: 1, column: 1]; nested exception is com.fasterxml.jackson.databind.JsonMappingException: Can not deserialize instance of com.Character.Character out of START_ARRAY token\n at [Source: java.io.PushbackInputStream@2a129b17; line: 1, column: 1]","path":"/api/characters"}
15:08:22.953 [main] DEBUG c.i.karate.cucumber.CucumberRunner - init test class: class examples.ExamplesTest
15:08:23.084 [main] DEBUG c.i.karate.cucumber.CucumberRunner - loading feature: /D:/xampp/htdocs/Manoj/filesharing/javaTraining/from%20github/myproject/target/test-classes/examples/Character/character.feature
15:08:23.115 [main] DEBUG c.i.karate.cucumber.CucumberRunner - loading feature: /D:/xampp/htdocs/Manoj/filesharing/javaTraining/from%20github/myproject/target/test-classes/examples/users/character.feature
15:08:23.649 [main] INFO  com.intuit.karate - karate.env system property was: dev 
15:08:24.106 [main] DEBUG com.intuit.karate - 
1 > POST http://localhost:8080/api/characters
1 > Accept-Encoding: gzip,deflate
1 > Connection: Keep-Alive
1 > Content-Length: 26
1 > Content-Type: application/json
1 > Host: localhost:8080
1 > User-Agent: Apache-HttpClient/4.5.3 (Java/1.8.0_25)
[{"id":0,"name":"string"}]

15:08:24.181 [main] DEBUG com.intuit.karate - 
1 < 400
1 < Connection: close
1 < Content-Type: application/json;charset=UTF-8
1 < Date: Thu, 17 Aug 2017 09:38:24 GMT
1 < Server: Apache-Coyote/1.1
1 < Transfer-Encoding: chunked
{"timestamp":1502962704172,"status":400,"error":"Bad Request","exception":"org.springframework.http.converter.HttpMessageNotReadableException","message":"Could not read document: Can not deserialize instance of com.Character.Character out of START_ARRAY token\n at [Source: java.io.PushbackInputStream@64d744c3; line: 1, column: 1]; nested exception is com.fasterxml.jackson.databind.JsonMappingException: Can not deserialize instance of com.Character.Character out of START_ARRAY token\n at [Source: java.io.PushbackInputStream@64d744c3; line: 1, column: 1]","path":"/api/characters"}

15:08:24.234 [main] DEBUG com.intuit.karate - response time in milliseconds: 437
15:08:24.352 [main] INFO  com.intuit.karate - karate.env system property was: dev 
15:08:24.464 [main] DEBUG com.intuit.karate - 
1 > POST http://localhost:8080/api/characters
1 > Accept-Encoding: gzip,deflate
1 > Connection: Keep-Alive
1 > Content-Length: 26
1 > Content-Type: application/json
1 > Host: localhost:8080
1 > User-Agent: Apache-HttpClient/4.5.3 (Java/1.8.0_25)
[{"id":0,"name":"string"}]

15:08:24.665 [main] DEBUG com.intuit.karate - 
1 < 400
1 < Connection: close
1 < Content-Type: application/json;charset=UTF-8
1 < Date: Thu, 17 Aug 2017 09:38:24 GMT
1 < Server: Apache-Coyote/1.1
1 < Transfer-Encoding: chunked
{"timestamp":1502962704575,"status":400,"error":"Bad Request","exception":"org.springframework.http.converter.HttpMessageNotReadableException","message":"Could not read document: Can not deserialize instance of com.Character.Character out of START_ARRAY token\n at [Source: java.io.PushbackInputStream@106d8ca5; line: 1, column: 1]; nested exception is com.fasterxml.jackson.databind.JsonMappingException: Can not deserialize instance of com.Character.Character out of START_ARRAY token\n at [Source: java.io.PushbackInputStream@106d8ca5; line: 1, column: 1]","path":"/api/characters"}

15:08:24.666 [main] DEBUG com.intuit.karate - response time in milliseconds: 203
15:08:24.668 [main] ERROR com.intuit.karate - status code was: 400, expected: 200, response time: 203, url: http://localhost:8080/api/characters, response: {"timestamp":1502962704575,"status":400,"error":"Bad Request","exception":"org.springframework.http.converter.HttpMessageNotReadableException","message":"Could not read document: Can not deserialize instance of com.Character.Character out of START_ARRAY token\n at [Source: java.io.PushbackInputStream@106d8ca5; line: 1, column: 1]; nested exception is com.fasterxml.jackson.databind.JsonMappingException: Can not deserialize instance of com.Character.Character out of START_ARRAY token\n at [Source: java.io.PushbackInputStream@106d8ca5; line: 1, column: 1]","path":"/api/characters"}
15:09:31.659 [main] DEBUG c.i.karate.cucumber.CucumberRunner - init test class: class examples.ExamplesTest
15:09:31.794 [main] DEBUG c.i.karate.cucumber.CucumberRunner - loading feature: /D:/xampp/htdocs/Manoj/filesharing/javaTraining/from%20github/myproject/target/test-classes/examples/Character/character.feature
15:09:31.829 [main] DEBUG c.i.karate.cucumber.CucumberRunner - loading feature: /D:/xampp/htdocs/Manoj/filesharing/javaTraining/from%20github/myproject/target/test-classes/examples/users/character.feature
15:09:32.503 [main] INFO  com.intuit.karate - karate.env system property was: dev 
15:09:32.988 [main] DEBUG com.intuit.karate - 
1 > POST http://localhost:8080/api/characters
1 > Accept-Encoding: gzip,deflate
1 > Connection: Keep-Alive
1 > Content-Length: 26
1 > Content-Type: application/json
1 > Host: localhost:8080
1 > User-Agent: Apache-HttpClient/4.5.3 (Java/1.8.0_25)
[{"id":0,"name":"string"}]

15:09:33.058 [main] DEBUG com.intuit.karate - 
1 < 400
1 < Connection: close
1 < Content-Type: application/json;charset=UTF-8
1 < Date: Thu, 17 Aug 2017 09:39:33 GMT
1 < Server: Apache-Coyote/1.1
1 < Transfer-Encoding: chunked
{"timestamp":1502962773044,"status":400,"error":"Bad Request","exception":"org.springframework.http.converter.HttpMessageNotReadableException","message":"Could not read document: Can not deserialize instance of com.Character.Character out of START_ARRAY token\n at [Source: java.io.PushbackInputStream@3fca4399; line: 1, column: 1]; nested exception is com.fasterxml.jackson.databind.JsonMappingException: Can not deserialize instance of com.Character.Character out of START_ARRAY token\n at [Source: java.io.PushbackInputStream@3fca4399; line: 1, column: 1]","path":"/api/characters"}

15:09:33.135 [main] DEBUG com.intuit.karate - response time in milliseconds: 487
15:09:33.144 [main] ERROR com.intuit.karate - status code was: 400, expected: 201, response time: 487, url: http://localhost:8080/api/characters, response: {"timestamp":1502962773044,"status":400,"error":"Bad Request","exception":"org.springframework.http.converter.HttpMessageNotReadableException","message":"Could not read document: Can not deserialize instance of com.Character.Character out of START_ARRAY token\n at [Source: java.io.PushbackInputStream@3fca4399; line: 1, column: 1]; nested exception is com.fasterxml.jackson.databind.JsonMappingException: Can not deserialize instance of com.Character.Character out of START_ARRAY token\n at [Source: java.io.PushbackInputStream@3fca4399; line: 1, column: 1]","path":"/api/characters"}
15:09:33.280 [main] INFO  com.intuit.karate - karate.env system property was: dev 
15:09:33.322 [main] DEBUG com.intuit.karate - 
1 > POST http://localhost:8080/api/characters
1 > Accept-Encoding: gzip,deflate
1 > Connection: Keep-Alive
1 > Content-Length: 26
1 > Content-Type: application/json
1 > Host: localhost:8080
1 > User-Agent: Apache-HttpClient/4.5.3 (Java/1.8.0_25)
[{"id":0,"name":"string"}]

15:09:33.354 [main] DEBUG com.intuit.karate - 
1 < 400
1 < Connection: close
1 < Content-Type: application/json;charset=UTF-8
1 < Date: Thu, 17 Aug 2017 09:39:33 GMT
1 < Server: Apache-Coyote/1.1
1 < Transfer-Encoding: chunked
{"timestamp":1502962773337,"status":400,"error":"Bad Request","exception":"org.springframework.http.converter.HttpMessageNotReadableException","message":"Could not read document: Can not deserialize instance of com.Character.Character out of START_ARRAY token\n at [Source: java.io.PushbackInputStream@67f6159b; line: 1, column: 1]; nested exception is com.fasterxml.jackson.databind.JsonMappingException: Can not deserialize instance of com.Character.Character out of START_ARRAY token\n at [Source: java.io.PushbackInputStream@67f6159b; line: 1, column: 1]","path":"/api/characters"}

15:09:33.354 [main] DEBUG com.intuit.karate - response time in milliseconds: 32
15:09:33.355 [main] ERROR com.intuit.karate - status code was: 400, expected: 200, response time: 32, url: http://localhost:8080/api/characters, response: {"timestamp":1502962773337,"status":400,"error":"Bad Request","exception":"org.springframework.http.converter.HttpMessageNotReadableException","message":"Could not read document: Can not deserialize instance of com.Character.Character out of START_ARRAY token\n at [Source: java.io.PushbackInputStream@67f6159b; line: 1, column: 1]; nested exception is com.fasterxml.jackson.databind.JsonMappingException: Can not deserialize instance of com.Character.Character out of START_ARRAY token\n at [Source: java.io.PushbackInputStream@67f6159b; line: 1, column: 1]","path":"/api/characters"}
15:10:46.744 [main] DEBUG c.i.karate.cucumber.CucumberRunner - init test class: class examples.ExamplesTest
15:10:46.869 [main] DEBUG c.i.karate.cucumber.CucumberRunner - loading feature: /D:/xampp/htdocs/Manoj/filesharing/javaTraining/from%20github/myproject/target/test-classes/examples/Character/character.feature
15:10:46.897 [main] DEBUG c.i.karate.cucumber.CucumberRunner - loading feature: /D:/xampp/htdocs/Manoj/filesharing/javaTraining/from%20github/myproject/target/test-classes/examples/users/character.feature
15:10:47.486 [main] INFO  com.intuit.karate - karate.env system property was: dev 
15:10:47.880 [main] DEBUG com.intuit.karate - 
1 > POST http://localhost:8080/api/characters
1 > Accept-Encoding: gzip,deflate
1 > Connection: Keep-Alive
1 > Content-Length: 26
1 > Content-Type: application/json
1 > Host: localhost:8080
1 > User-Agent: Apache-HttpClient/4.5.3 (Java/1.8.0_25)
[{"id":0,"name":"string"}]

15:10:47.985 [main] DEBUG com.intuit.karate - 
1 < 400
1 < Connection: close
1 < Content-Type: application/json;charset=UTF-8
1 < Date: Thu, 17 Aug 2017 09:40:47 GMT
1 < Server: Apache-Coyote/1.1
1 < Transfer-Encoding: chunked
{"timestamp":1502962847925,"status":400,"error":"Bad Request","exception":"org.springframework.http.converter.HttpMessageNotReadableException","message":"Could not read document: Can not deserialize instance of com.Character.Character out of START_ARRAY token\n at [Source: java.io.PushbackInputStream@7e33d1f4; line: 1, column: 1]; nested exception is com.fasterxml.jackson.databind.JsonMappingException: Can not deserialize instance of com.Character.Character out of START_ARRAY token\n at [Source: java.io.PushbackInputStream@7e33d1f4; line: 1, column: 1]","path":"/api/characters"}

15:10:47.986 [main] DEBUG com.intuit.karate - response time in milliseconds: 385
15:10:48.079 [main] INFO  com.intuit.karate - karate.env system property was: dev 
15:10:48.156 [main] DEBUG com.intuit.karate - 
1 > POST http://localhost:8080/api/characters
1 > Accept-Encoding: gzip,deflate
1 > Connection: Keep-Alive
1 > Content-Length: 26
1 > Content-Type: application/json
1 > Host: localhost:8080
1 > User-Agent: Apache-HttpClient/4.5.3 (Java/1.8.0_25)
[{"id":0,"name":"string"}]

15:10:48.187 [main] DEBUG com.intuit.karate - 
1 < 400
1 < Connection: close
1 < Content-Type: application/json;charset=UTF-8
1 < Date: Thu, 17 Aug 2017 09:40:47 GMT
1 < Server: Apache-Coyote/1.1
1 < Transfer-Encoding: chunked
{"timestamp":1502962848182,"status":400,"error":"Bad Request","exception":"org.springframework.http.converter.HttpMessageNotReadableException","message":"Could not read document: Can not deserialize instance of com.Character.Character out of START_ARRAY token\n at [Source: java.io.PushbackInputStream@d0b98e7; line: 1, column: 1]; nested exception is com.fasterxml.jackson.databind.JsonMappingException: Can not deserialize instance of com.Character.Character out of START_ARRAY token\n at [Source: java.io.PushbackInputStream@d0b98e7; line: 1, column: 1]","path":"/api/characters"}

15:10:48.188 [main] DEBUG com.intuit.karate - response time in milliseconds: 34
15:10:48.189 [main] ERROR com.intuit.karate - status code was: 400, expected: 200, response time: 34, url: http://localhost:8080/api/characters, response: {"timestamp":1502962848182,"status":400,"error":"Bad Request","exception":"org.springframework.http.converter.HttpMessageNotReadableException","message":"Could not read document: Can not deserialize instance of com.Character.Character out of START_ARRAY token\n at [Source: java.io.PushbackInputStream@d0b98e7; line: 1, column: 1]; nested exception is com.fasterxml.jackson.databind.JsonMappingException: Can not deserialize instance of com.Character.Character out of START_ARRAY token\n at [Source: java.io.PushbackInputStream@d0b98e7; line: 1, column: 1]","path":"/api/characters"}
15:13:01.891 [main] DEBUG c.i.karate.cucumber.CucumberRunner - init test class: class examples.ExamplesTest
15:13:02.010 [main] DEBUG c.i.karate.cucumber.CucumberRunner - loading feature: /D:/xampp/htdocs/Manoj/filesharing/javaTraining/from%20github/myproject/target/test-classes/examples/Character/character.feature
15:13:02.022 [main] DEBUG c.i.karate.cucumber.CucumberRunner - loading feature: /D:/xampp/htdocs/Manoj/filesharing/javaTraining/from%20github/myproject/target/test-classes/examples/users/character.feature
15:13:02.591 [main] INFO  com.intuit.karate - karate.env system property was: dev 
15:13:02.986 [main] DEBUG com.intuit.karate - 
1 > POST http://localhost:8080/api/characters
1 > Accept-Encoding: gzip,deflate
1 > Connection: Keep-Alive
1 > Content-Length: 26
1 > Content-Type: application/json
1 > Host: localhost:8080
1 > User-Agent: Apache-HttpClient/4.5.3 (Java/1.8.0_25)
[{"id":0,"name":"string"}]

15:13:03.093 [main] DEBUG com.intuit.karate - 
1 < 400
1 < Connection: close
1 < Content-Type: application/json;charset=UTF-8
1 < Date: Thu, 17 Aug 2017 09:43:03 GMT
1 < Server: Apache-Coyote/1.1
1 < Transfer-Encoding: chunked
{"timestamp":1502962983018,"status":400,"error":"Bad Request","exception":"org.springframework.http.converter.HttpMessageNotReadableException","message":"Could not read document: Can not deserialize instance of com.Character.Character out of START_ARRAY token\n at [Source: java.io.PushbackInputStream@62d09e94; line: 1, column: 1]; nested exception is com.fasterxml.jackson.databind.JsonMappingException: Can not deserialize instance of com.Character.Character out of START_ARRAY token\n at [Source: java.io.PushbackInputStream@62d09e94; line: 1, column: 1]","path":"/api/characters"}

15:13:03.095 [main] DEBUG com.intuit.karate - response time in milliseconds: 376
15:13:03.097 [main] ERROR com.intuit.karate - status code was: 400, expected: 200, response time: 376, url: http://localhost:8080/api/characters, response: {"timestamp":1502962983018,"status":400,"error":"Bad Request","exception":"org.springframework.http.converter.HttpMessageNotReadableException","message":"Could not read document: Can not deserialize instance of com.Character.Character out of START_ARRAY token\n at [Source: java.io.PushbackInputStream@62d09e94; line: 1, column: 1]; nested exception is com.fasterxml.jackson.databind.JsonMappingException: Can not deserialize instance of com.Character.Character out of START_ARRAY token\n at [Source: java.io.PushbackInputStream@62d09e94; line: 1, column: 1]","path":"/api/characters"}
15:13:03.199 [main] INFO  com.intuit.karate - karate.env system property was: dev 
15:13:03.250 [main] DEBUG com.intuit.karate - 
1 > POST http://localhost:8080/api/characters
1 > Accept-Encoding: gzip,deflate
1 > Connection: Keep-Alive
1 > Content-Length: 26
1 > Content-Type: application/json
1 > Host: localhost:8080
1 > User-Agent: Apache-HttpClient/4.5.3 (Java/1.8.0_25)
[{"id":0,"name":"string"}]

15:13:03.255 [main] DEBUG com.intuit.karate - 
1 < 400
1 < Connection: close
1 < Content-Type: application/json;charset=UTF-8
1 < Date: Thu, 17 Aug 2017 09:43:03 GMT
1 < Server: Apache-Coyote/1.1
1 < Transfer-Encoding: chunked
{"timestamp":1502962983253,"status":400,"error":"Bad Request","exception":"org.springframework.http.converter.HttpMessageNotReadableException","message":"Could not read document: Can not deserialize instance of com.Character.Character out of START_ARRAY token\n at [Source: java.io.PushbackInputStream@26f31b12; line: 1, column: 1]; nested exception is com.fasterxml.jackson.databind.JsonMappingException: Can not deserialize instance of com.Character.Character out of START_ARRAY token\n at [Source: java.io.PushbackInputStream@26f31b12; line: 1, column: 1]","path":"/api/characters"}

15:13:03.255 [main] DEBUG com.intuit.karate - response time in milliseconds: 6
15:13:03.256 [main] ERROR com.intuit.karate - status code was: 400, expected: 200, response time: 6, url: http://localhost:8080/api/characters, response: {"timestamp":1502962983253,"status":400,"error":"Bad Request","exception":"org.springframework.http.converter.HttpMessageNotReadableException","message":"Could not read document: Can not deserialize instance of com.Character.Character out of START_ARRAY token\n at [Source: java.io.PushbackInputStream@26f31b12; line: 1, column: 1]; nested exception is com.fasterxml.jackson.databind.JsonMappingException: Can not deserialize instance of com.Character.Character out of START_ARRAY token\n at [Source: java.io.PushbackInputStream@26f31b12; line: 1, column: 1]","path":"/api/characters"}
15:15:47.494 [main] DEBUG c.i.karate.cucumber.CucumberRunner - init test class: class examples.ExamplesTest
15:15:47.650 [main] DEBUG c.i.karate.cucumber.CucumberRunner - loading feature: /D:/xampp/htdocs/Manoj/filesharing/javaTraining/from%20github/myproject/target/test-classes/examples/Character/character.feature
15:15:47.697 [main] DEBUG c.i.karate.cucumber.CucumberRunner - loading feature: /D:/xampp/htdocs/Manoj/filesharing/javaTraining/from%20github/myproject/target/test-classes/examples/users/character.feature
15:15:48.232 [main] INFO  com.intuit.karate - karate.env system property was: dev 
15:15:48.555 [main] DEBUG com.intuit.karate - 
1 > POST http://localhost:8080/api/characters
1 > Accept-Encoding: gzip,deflate
1 > Connection: Keep-Alive
1 > Content-Length: 26
1 > Content-Type: application/json
1 > Host: localhost:8080
1 > User-Agent: Apache-HttpClient/4.5.3 (Java/1.8.0_25)
[{"id":0,"name":"string"}]

15:15:48.634 [main] DEBUG com.intuit.karate - 
1 < 400
1 < Connection: close
1 < Content-Type: application/json;charset=UTF-8
1 < Date: Thu, 17 Aug 2017 09:45:48 GMT
1 < Server: Apache-Coyote/1.1
1 < Transfer-Encoding: chunked
{"timestamp":1502963148618,"status":400,"error":"Bad Request","exception":"org.springframework.http.converter.HttpMessageNotReadableException","message":"Could not read document: Can not deserialize instance of com.Character.Character out of START_ARRAY token\n at [Source: java.io.PushbackInputStream@4af319b7; line: 1, column: 1]; nested exception is com.fasterxml.jackson.databind.JsonMappingException: Can not deserialize instance of com.Character.Character out of START_ARRAY token\n at [Source: java.io.PushbackInputStream@4af319b7; line: 1, column: 1]","path":"/api/characters"}

15:15:48.634 [main] DEBUG com.intuit.karate - response time in milliseconds: 297
15:15:48.696 [main] ERROR com.intuit.karate - status code was: 400, expected: 200, response time: 297, url: http://localhost:8080/api/characters, response: {"timestamp":1502963148618,"status":400,"error":"Bad Request","exception":"org.springframework.http.converter.HttpMessageNotReadableException","message":"Could not read document: Can not deserialize instance of com.Character.Character out of START_ARRAY token\n at [Source: java.io.PushbackInputStream@4af319b7; line: 1, column: 1]; nested exception is com.fasterxml.jackson.databind.JsonMappingException: Can not deserialize instance of com.Character.Character out of START_ARRAY token\n at [Source: java.io.PushbackInputStream@4af319b7; line: 1, column: 1]","path":"/api/characters"}
15:15:48.887 [main] INFO  com.intuit.karate - karate.env system property was: dev 
15:15:48.958 [main] DEBUG com.intuit.karate - 
1 > POST http://localhost:8080/api/characters
1 > Accept-Encoding: gzip,deflate
1 > Connection: Keep-Alive
1 > Content-Length: 26
1 > Content-Type: application/json
1 > Host: localhost:8080
1 > User-Agent: Apache-HttpClient/4.5.3 (Java/1.8.0_25)
[{"id":0,"name":"string"}]

15:15:48.979 [main] DEBUG com.intuit.karate - 
1 < 400
1 < Connection: close
1 < Content-Type: application/json;charset=UTF-8
1 < Date: Thu, 17 Aug 2017 09:45:48 GMT
1 < Server: Apache-Coyote/1.1
1 < Transfer-Encoding: chunked
{"timestamp":1502963148977,"status":400,"error":"Bad Request","exception":"org.springframework.http.converter.HttpMessageNotReadableException","message":"Could not read document: Can not deserialize instance of com.Character.Character out of START_ARRAY token\n at [Source: java.io.PushbackInputStream@5578b0d1; line: 1, column: 1]; nested exception is com.fasterxml.jackson.databind.JsonMappingException: Can not deserialize instance of com.Character.Character out of START_ARRAY token\n at [Source: java.io.PushbackInputStream@5578b0d1; line: 1, column: 1]","path":"/api/characters"}

15:15:48.980 [main] DEBUG com.intuit.karate - response time in milliseconds: 22
15:15:48.981 [main] ERROR com.intuit.karate - status code was: 400, expected: 200, response time: 22, url: http://localhost:8080/api/characters, response: {"timestamp":1502963148977,"status":400,"error":"Bad Request","exception":"org.springframework.http.converter.HttpMessageNotReadableException","message":"Could not read document: Can not deserialize instance of com.Character.Character out of START_ARRAY token\n at [Source: java.io.PushbackInputStream@5578b0d1; line: 1, column: 1]; nested exception is com.fasterxml.jackson.databind.JsonMappingException: Can not deserialize instance of com.Character.Character out of START_ARRAY token\n at [Source: java.io.PushbackInputStream@5578b0d1; line: 1, column: 1]","path":"/api/characters"}
15:22:03.585 [main] DEBUG c.i.karate.cucumber.CucumberRunner - init test class: class examples.ExamplesTest
15:22:03.748 [main] DEBUG c.i.karate.cucumber.CucumberRunner - loading feature: /D:/xampp/htdocs/Manoj/filesharing/javaTraining/from%20github/myproject/target/test-classes/examples/Character/character.feature
15:22:03.772 [main] DEBUG c.i.karate.cucumber.CucumberRunner - loading feature: /D:/xampp/htdocs/Manoj/filesharing/javaTraining/from%20github/myproject/target/test-classes/examples/users/character.feature
15:22:04.419 [main] INFO  com.intuit.karate - karate.env system property was: dev 
15:22:04.753 [main] DEBUG com.intuit.karate - 
1 > POST http://localhost:8080/api/characters
1 > Accept-Encoding: gzip,deflate
1 > Connection: Keep-Alive
1 > Content-Length: 26
1 > Content-Type: application/json
1 > Host: localhost:8080
1 > User-Agent: Apache-HttpClient/4.5.3 (Java/1.8.0_25)
[{"id":222,"name":"????"}]

15:22:04.912 [main] DEBUG com.intuit.karate - 
1 < 400
1 < Connection: close
1 < Content-Type: application/json;charset=UTF-8
1 < Date: Thu, 17 Aug 2017 09:52:04 GMT
1 < Server: Apache-Coyote/1.1
1 < Transfer-Encoding: chunked
{"timestamp":1502963524896,"status":400,"error":"Bad Request","exception":"org.springframework.http.converter.HttpMessageNotReadableException","message":"Could not read document: Can not deserialize instance of com.Character.Character out of START_ARRAY token\n at [Source: java.io.PushbackInputStream@50411c90; line: 1, column: 1]; nested exception is com.fasterxml.jackson.databind.JsonMappingException: Can not deserialize instance of com.Character.Character out of START_ARRAY token\n at [Source: java.io.PushbackInputStream@50411c90; line: 1, column: 1]","path":"/api/characters"}

15:22:04.930 [main] DEBUG com.intuit.karate - response time in milliseconds: 356
15:22:05.006 [main] ERROR com.intuit.karate - status code was: 400, expected: 200, response time: 356, url: http://localhost:8080/api/characters, response: {"timestamp":1502963524896,"status":400,"error":"Bad Request","exception":"org.springframework.http.converter.HttpMessageNotReadableException","message":"Could not read document: Can not deserialize instance of com.Character.Character out of START_ARRAY token\n at [Source: java.io.PushbackInputStream@50411c90; line: 1, column: 1]; nested exception is com.fasterxml.jackson.databind.JsonMappingException: Can not deserialize instance of com.Character.Character out of START_ARRAY token\n at [Source: java.io.PushbackInputStream@50411c90; line: 1, column: 1]","path":"/api/characters"}
15:22:05.123 [main] INFO  com.intuit.karate - karate.env system property was: dev 
15:22:05.191 [main] DEBUG com.intuit.karate - 
1 > POST http://localhost:8080/api/characters
1 > Accept-Encoding: gzip,deflate
1 > Connection: Keep-Alive
1 > Content-Length: 26
1 > Content-Type: application/json
1 > Host: localhost:8080
1 > User-Agent: Apache-HttpClient/4.5.3 (Java/1.8.0_25)
[{"id":0,"name":"string"}]

15:22:05.480 [main] DEBUG com.intuit.karate - 
1 < 400
1 < Connection: close
1 < Content-Type: application/json;charset=UTF-8
1 < Date: Thu, 17 Aug 2017 09:52:04 GMT
1 < Server: Apache-Coyote/1.1
1 < Transfer-Encoding: chunked
{"timestamp":1502963525475,"status":400,"error":"Bad Request","exception":"org.springframework.http.converter.HttpMessageNotReadableException","message":"Could not read document: Can not deserialize instance of com.Character.Character out of START_ARRAY token\n at [Source: java.io.PushbackInputStream@4bbf4168; line: 1, column: 1]; nested exception is com.fasterxml.jackson.databind.JsonMappingException: Can not deserialize instance of com.Character.Character out of START_ARRAY token\n at [Source: java.io.PushbackInputStream@4bbf4168; line: 1, column: 1]","path":"/api/characters"}

15:22:05.480 [main] DEBUG com.intuit.karate - response time in milliseconds: 289
15:22:05.482 [main] ERROR com.intuit.karate - status code was: 400, expected: 200, response time: 289, url: http://localhost:8080/api/characters, response: {"timestamp":1502963525475,"status":400,"error":"Bad Request","exception":"org.springframework.http.converter.HttpMessageNotReadableException","message":"Could not read document: Can not deserialize instance of com.Character.Character out of START_ARRAY token\n at [Source: java.io.PushbackInputStream@4bbf4168; line: 1, column: 1]; nested exception is com.fasterxml.jackson.databind.JsonMappingException: Can not deserialize instance of com.Character.Character out of START_ARRAY token\n at [Source: java.io.PushbackInputStream@4bbf4168; line: 1, column: 1]","path":"/api/characters"}
15:26:45.781 [main] DEBUG c.i.karate.cucumber.CucumberRunner - init test class: class examples.ExamplesTest
15:26:46.010 [main] DEBUG c.i.karate.cucumber.CucumberRunner - loading feature: /D:/xampp/htdocs/Manoj/filesharing/javaTraining/from%20github/myproject/target/test-classes/examples/Character/character.feature
15:26:46.079 [main] DEBUG c.i.karate.cucumber.CucumberRunner - loading feature: /D:/xampp/htdocs/Manoj/filesharing/javaTraining/from%20github/myproject/target/test-classes/examples/users/character.feature
15:26:46.939 [main] INFO  com.intuit.karate - karate.env system property was: dev 
15:26:47.519 [main] DEBUG com.intuit.karate - 
1 > POST http://localhost:8080/api/characters
1 > Accept-Encoding: gzip,deflate
1 > Connection: Keep-Alive
1 > Content-Length: 33
1 > Content-Type: application/json
1 > Host: localhost:8080
1 > User-Agent: Apache-HttpClient/4.5.3 (Java/1.8.0_25)
[{"id":22,"name":"?????? ?????"}]

15:26:47.643 [main] DEBUG com.intuit.karate - 
1 < 400
1 < Connection: close
1 < Content-Type: application/json;charset=UTF-8
1 < Date: Thu, 17 Aug 2017 09:56:47 GMT
1 < Server: Apache-Coyote/1.1
1 < Transfer-Encoding: chunked
{"timestamp":1502963807551,"status":400,"error":"Bad Request","exception":"org.springframework.http.converter.HttpMessageNotReadableException","message":"Could not read document: Can not deserialize instance of com.Character.Character out of START_ARRAY token\n at [Source: java.io.PushbackInputStream@da03701; line: 1, column: 1]; nested exception is com.fasterxml.jackson.databind.JsonMappingException: Can not deserialize instance of com.Character.Character out of START_ARRAY token\n at [Source: java.io.PushbackInputStream@da03701; line: 1, column: 1]","path":"/api/characters"}

15:26:47.645 [main] DEBUG com.intuit.karate - response time in milliseconds: 532
15:26:47.651 [main] ERROR com.intuit.karate - status code was: 400, expected: 200, response time: 532, url: http://localhost:8080/api/characters, response: {"timestamp":1502963807551,"status":400,"error":"Bad Request","exception":"org.springframework.http.converter.HttpMessageNotReadableException","message":"Could not read document: Can not deserialize instance of com.Character.Character out of START_ARRAY token\n at [Source: java.io.PushbackInputStream@da03701; line: 1, column: 1]; nested exception is com.fasterxml.jackson.databind.JsonMappingException: Can not deserialize instance of com.Character.Character out of START_ARRAY token\n at [Source: java.io.PushbackInputStream@da03701; line: 1, column: 1]","path":"/api/characters"}
15:26:47.807 [main] INFO  com.intuit.karate - karate.env system property was: dev 
15:26:47.873 [main] DEBUG com.intuit.karate - 
1 > POST http://localhost:8080/api/characters
1 > Accept-Encoding: gzip,deflate
1 > Connection: Keep-Alive
1 > Content-Length: 26
1 > Content-Type: application/json
1 > Host: localhost:8080
1 > User-Agent: Apache-HttpClient/4.5.3 (Java/1.8.0_25)
[{"id":0,"name":"string"}]

15:26:47.981 [main] DEBUG com.intuit.karate - 
1 < 400
1 < Connection: close
1 < Content-Type: application/json;charset=UTF-8
1 < Date: Thu, 17 Aug 2017 09:56:47 GMT
1 < Server: Apache-Coyote/1.1
1 < Transfer-Encoding: chunked
{"timestamp":1502963807946,"status":400,"error":"Bad Request","exception":"org.springframework.http.converter.HttpMessageNotReadableException","message":"Could not read document: Can not deserialize instance of com.Character.Character out of START_ARRAY token\n at [Source: java.io.PushbackInputStream@175c4ced; line: 1, column: 1]; nested exception is com.fasterxml.jackson.databind.JsonMappingException: Can not deserialize instance of com.Character.Character out of START_ARRAY token\n at [Source: java.io.PushbackInputStream@175c4ced; line: 1, column: 1]","path":"/api/characters"}

15:26:47.982 [main] DEBUG com.intuit.karate - response time in milliseconds: 111
15:26:47.982 [main] ERROR com.intuit.karate - status code was: 400, expected: 200, response time: 111, url: http://localhost:8080/api/characters, response: {"timestamp":1502963807946,"status":400,"error":"Bad Request","exception":"org.springframework.http.converter.HttpMessageNotReadableException","message":"Could not read document: Can not deserialize instance of com.Character.Character out of START_ARRAY token\n at [Source: java.io.PushbackInputStream@175c4ced; line: 1, column: 1]; nested exception is com.fasterxml.jackson.databind.JsonMappingException: Can not deserialize instance of com.Character.Character out of START_ARRAY token\n at [Source: java.io.PushbackInputStream@175c4ced; line: 1, column: 1]","path":"/api/characters"}
15:47:40.408 [main] DEBUG c.i.karate.cucumber.CucumberRunner - init test class: class examples.ExamplesTest
15:47:40.587 [main] DEBUG c.i.karate.cucumber.CucumberRunner - loading feature: /D:/xampp/htdocs/Manoj/filesharing/javaTraining/from%20github/myproject/target/test-classes/examples/Character/character.feature
15:47:40.601 [main] DEBUG c.i.karate.cucumber.CucumberRunner - loading feature: /D:/xampp/htdocs/Manoj/filesharing/javaTraining/from%20github/myproject/target/test-classes/examples/users/character.feature
15:47:41.479 [main] INFO  com.intuit.karate - karate.env system property was: dev 
15:47:41.906 [main] DEBUG com.intuit.karate - 
1 > POST http://localhost:8080/api/characters
1 > Accept-Encoding: gzip,deflate
1 > Connection: Keep-Alive
1 > Content-Length: 24
1 > Content-Type: application/json
1 > Host: localhost:8080
1 > User-Agent: Apache-HttpClient/4.5.3 (Java/1.8.0_25)
{"id":3,"name":"string"}

15:47:42.151 [main] DEBUG com.intuit.karate - 
1 < 200
1 < Content-Type: application/json;charset=UTF-8
1 < Date: Thu, 17 Aug 2017 10:17:42 GMT
1 < Server: Apache-Coyote/1.1
1 < Transfer-Encoding: chunked
{"name":"string","id":1}

15:47:42.223 [main] DEBUG com.intuit.karate - response time in milliseconds: 607
15:47:42.339 [main] INFO  com.intuit.karate - karate.env system property was: dev 
15:47:42.389 [main] DEBUG com.intuit.karate - 
1 > POST http://localhost:8080/api/characters
1 > Accept-Encoding: gzip,deflate
1 > Connection: Keep-Alive
1 > Content-Length: 26
1 > Content-Type: application/json
1 > Host: localhost:8080
1 > User-Agent: Apache-HttpClient/4.5.3 (Java/1.8.0_25)
[{"id":0,"name":"string"}]

15:47:42.550 [main] DEBUG com.intuit.karate - 
1 < 400
1 < Connection: close
1 < Content-Type: application/json;charset=UTF-8
1 < Date: Thu, 17 Aug 2017 10:17:42 GMT
1 < Server: Apache-Coyote/1.1
1 < Transfer-Encoding: chunked
{"timestamp":1502965062546,"status":400,"error":"Bad Request","exception":"org.springframework.http.converter.HttpMessageNotReadableException","message":"Could not read document: Can not deserialize instance of com.Character.Character out of START_ARRAY token\n at [Source: java.io.PushbackInputStream@55ae76a1; line: 1, column: 1]; nested exception is com.fasterxml.jackson.databind.JsonMappingException: Can not deserialize instance of com.Character.Character out of START_ARRAY token\n at [Source: java.io.PushbackInputStream@55ae76a1; line: 1, column: 1]","path":"/api/characters"}

15:47:42.550 [main] DEBUG com.intuit.karate - response time in milliseconds: 162
15:47:42.552 [main] ERROR com.intuit.karate - status code was: 400, expected: 200, response time: 162, url: http://localhost:8080/api/characters, response: {"timestamp":1502965062546,"status":400,"error":"Bad Request","exception":"org.springframework.http.converter.HttpMessageNotReadableException","message":"Could not read document: Can not deserialize instance of com.Character.Character out of START_ARRAY token\n at [Source: java.io.PushbackInputStream@55ae76a1; line: 1, column: 1]; nested exception is com.fasterxml.jackson.databind.JsonMappingException: Can not deserialize instance of com.Character.Character out of START_ARRAY token\n at [Source: java.io.PushbackInputStream@55ae76a1; line: 1, column: 1]","path":"/api/characters"}
15:48:02.982 [main] DEBUG c.i.karate.cucumber.CucumberRunner - init test class: class examples.ExamplesTest
15:48:03.191 [main] DEBUG c.i.karate.cucumber.CucumberRunner - loading feature: /D:/xampp/htdocs/Manoj/filesharing/javaTraining/from%20github/myproject/target/test-classes/examples/Character/character.feature
15:48:03.242 [main] DEBUG c.i.karate.cucumber.CucumberRunner - loading feature: /D:/xampp/htdocs/Manoj/filesharing/javaTraining/from%20github/myproject/target/test-classes/examples/users/character.feature
15:48:03.929 [main] INFO  com.intuit.karate - karate.env system property was: dev 
15:48:04.422 [main] DEBUG com.intuit.karate - 
1 > POST http://localhost:8080/api/characters
1 > Accept-Encoding: gzip,deflate
1 > Connection: Keep-Alive
1 > Content-Length: 25
1 > Content-Type: application/json
1 > Host: localhost:8080
1 > User-Agent: Apache-HttpClient/4.5.3 (Java/1.8.0_25)
{"id":333,"name":"sssss"}

15:48:04.499 [main] DEBUG com.intuit.karate - 
1 < 200
1 < Content-Type: application/json;charset=UTF-8
1 < Date: Thu, 17 Aug 2017 10:18:03 GMT
1 < Server: Apache-Coyote/1.1
1 < Transfer-Encoding: chunked
{"name":"sssss","id":2}

15:48:04.554 [main] DEBUG com.intuit.karate - response time in milliseconds: 405
15:48:04.686 [main] INFO  com.intuit.karate - karate.env system property was: dev 
15:48:04.738 [main] DEBUG com.intuit.karate - 
1 > POST http://localhost:8080/api/characters
1 > Accept-Encoding: gzip,deflate
1 > Connection: Keep-Alive
1 > Content-Length: 26
1 > Content-Type: application/json
1 > Host: localhost:8080
1 > User-Agent: Apache-HttpClient/4.5.3 (Java/1.8.0_25)
[{"id":0,"name":"string"}]

15:48:04.750 [main] DEBUG com.intuit.karate - 
1 < 400
1 < Connection: close
1 < Content-Type: application/json;charset=UTF-8
1 < Date: Thu, 17 Aug 2017 10:18:03 GMT
1 < Server: Apache-Coyote/1.1
1 < Transfer-Encoding: chunked
{"timestamp":1502965084748,"status":400,"error":"Bad Request","exception":"org.springframework.http.converter.HttpMessageNotReadableException","message":"Could not read document: Can not deserialize instance of com.Character.Character out of START_ARRAY token\n at [Source: java.io.PushbackInputStream@626b8c48; line: 1, column: 1]; nested exception is com.fasterxml.jackson.databind.JsonMappingException: Can not deserialize instance of com.Character.Character out of START_ARRAY token\n at [Source: java.io.PushbackInputStream@626b8c48; line: 1, column: 1]","path":"/api/characters"}

15:48:04.751 [main] DEBUG com.intuit.karate - response time in milliseconds: 14
15:48:04.752 [main] ERROR com.intuit.karate - status code was: 400, expected: 200, response time: 14, url: http://localhost:8080/api/characters, response: {"timestamp":1502965084748,"status":400,"error":"Bad Request","exception":"org.springframework.http.converter.HttpMessageNotReadableException","message":"Could not read document: Can not deserialize instance of com.Character.Character out of START_ARRAY token\n at [Source: java.io.PushbackInputStream@626b8c48; line: 1, column: 1]; nested exception is com.fasterxml.jackson.databind.JsonMappingException: Can not deserialize instance of com.Character.Character out of START_ARRAY token\n at [Source: java.io.PushbackInputStream@626b8c48; line: 1, column: 1]","path":"/api/characters"}
15:48:42.902 [main] DEBUG c.i.karate.cucumber.CucumberRunner - init test class: class examples.ExamplesTest
15:48:43.035 [main] DEBUG c.i.karate.cucumber.CucumberRunner - loading feature: /D:/xampp/htdocs/Manoj/filesharing/javaTraining/from%20github/myproject/target/test-classes/examples/Character/character.feature
15:48:43.065 [main] DEBUG c.i.karate.cucumber.CucumberRunner - loading feature: /D:/xampp/htdocs/Manoj/filesharing/javaTraining/from%20github/myproject/target/test-classes/examples/users/character.feature
15:48:43.751 [main] INFO  com.intuit.karate - karate.env system property was: dev 
15:48:44.090 [main] DEBUG com.intuit.karate - 
1 > POST http://localhost:8080/api/characters
1 > Accept-Encoding: gzip,deflate
1 > Connection: Keep-Alive
1 > Content-Length: 25
1 > Content-Type: application/json
1 > Host: localhost:8080
1 > User-Agent: Apache-HttpClient/4.5.3 (Java/1.8.0_25)
{"id":333,"name":"sssss"}

15:48:44.184 [main] DEBUG com.intuit.karate - 
1 < 200
1 < Content-Type: application/json;charset=UTF-8
1 < Date: Thu, 17 Aug 2017 10:18:44 GMT
1 < Server: Apache-Coyote/1.1
1 < Transfer-Encoding: chunked
{"name":"sssss","id":3}

15:48:44.185 [main] DEBUG com.intuit.karate - response time in milliseconds: 314
15:48:44.303 [main] INFO  com.intuit.karate - karate.env system property was: dev 
15:48:44.359 [main] DEBUG com.intuit.karate - 
1 > POST http://localhost:8080/api/characters
1 > Accept-Encoding: gzip,deflate
1 > Connection: Keep-Alive
1 > Content-Length: 27
1 > Content-Type: application/json
1 > Host: localhost:8080
1 > User-Agent: Apache-HttpClient/4.5.3 (Java/1.8.0_25)
{"id":12345,"name":"dobby"}

15:48:44.368 [main] DEBUG com.intuit.karate - 
1 < 200
1 < Content-Type: application/json;charset=UTF-8
1 < Date: Thu, 17 Aug 2017 10:18:44 GMT
1 < Server: Apache-Coyote/1.1
1 < Transfer-Encoding: chunked
{"name":"dobby","id":4}

15:48:44.368 [main] DEBUG com.intuit.karate - response time in milliseconds: 10
15:48:44.484 [main] INFO  com.intuit.karate - karate.env system property was: dev 
15:48:44.518 [main] DEBUG com.intuit.karate - 
1 > POST http://localhost:8080/api/characters
1 > Accept-Encoding: gzip,deflate
1 > Connection: Keep-Alive
1 > Content-Length: 26
1 > Content-Type: application/json
1 > Host: localhost:8080
1 > User-Agent: Apache-HttpClient/4.5.3 (Java/1.8.0_25)
[{"id":0,"name":"string"}]

15:48:44.559 [main] DEBUG com.intuit.karate - 
1 < 400
1 < Connection: close
1 < Content-Type: application/json;charset=UTF-8
1 < Date: Thu, 17 Aug 2017 10:18:44 GMT
1 < Server: Apache-Coyote/1.1
1 < Transfer-Encoding: chunked
{"timestamp":1502965124554,"status":400,"error":"Bad Request","exception":"org.springframework.http.converter.HttpMessageNotReadableException","message":"Could not read document: Can not deserialize instance of com.Character.Character out of START_ARRAY token\n at [Source: java.io.PushbackInputStream@d76ec98; line: 1, column: 1]; nested exception is com.fasterxml.jackson.databind.JsonMappingException: Can not deserialize instance of com.Character.Character out of START_ARRAY token\n at [Source: java.io.PushbackInputStream@d76ec98; line: 1, column: 1]","path":"/api/characters"}

15:48:44.560 [main] DEBUG com.intuit.karate - response time in milliseconds: 43
15:48:44.561 [main] ERROR com.intuit.karate - status code was: 400, expected: 200, response time: 43, url: http://localhost:8080/api/characters, response: {"timestamp":1502965124554,"status":400,"error":"Bad Request","exception":"org.springframework.http.converter.HttpMessageNotReadableException","message":"Could not read document: Can not deserialize instance of com.Character.Character out of START_ARRAY token\n at [Source: java.io.PushbackInputStream@d76ec98; line: 1, column: 1]; nested exception is com.fasterxml.jackson.databind.JsonMappingException: Can not deserialize instance of com.Character.Character out of START_ARRAY token\n at [Source: java.io.PushbackInputStream@d76ec98; line: 1, column: 1]","path":"/api/characters"}
15:49:37.561 [main] DEBUG c.i.karate.cucumber.CucumberRunner - init test class: class examples.ExamplesTest
15:49:37.728 [main] DEBUG c.i.karate.cucumber.CucumberRunner - loading feature: /D:/xampp/htdocs/Manoj/filesharing/javaTraining/from%20github/myproject/target/test-classes/examples/Character/character.feature
15:49:37.763 [main] DEBUG c.i.karate.cucumber.CucumberRunner - loading feature: /D:/xampp/htdocs/Manoj/filesharing/javaTraining/from%20github/myproject/target/test-classes/examples/users/character.feature
15:49:38.453 [main] INFO  com.intuit.karate - karate.env system property was: dev 
15:49:38.825 [main] DEBUG com.intuit.karate - 
1 > PUT http://localhost:8080/api/characters
1 > Accept-Encoding: gzip,deflate
1 > Connection: Keep-Alive
1 > Content-Length: 25
1 > Content-Type: application/json
1 > Host: localhost:8080
1 > User-Agent: Apache-HttpClient/4.5.3 (Java/1.8.0_25)
{"id":333,"name":"sssss"}

15:49:38.935 [main] DEBUG com.intuit.karate - 
1 < 405
1 < Allow: GET, POST
1 < Content-Type: application/json;charset=UTF-8
1 < Date: Thu, 17 Aug 2017 10:19:38 GMT
1 < Server: Apache-Coyote/1.1
1 < Transfer-Encoding: chunked
{"timestamp":1502965178861,"status":405,"error":"Method Not Allowed","exception":"org.springframework.web.HttpRequestMethodNotSupportedException","message":"Request method 'PUT' not supported","path":"/api/characters"}

15:49:38.937 [main] DEBUG com.intuit.karate - response time in milliseconds: 339
15:49:38.940 [main] ERROR com.intuit.karate - status code was: 405, expected: 200, response time: 339, url: http://localhost:8080/api/characters, response: {"timestamp":1502965178861,"status":405,"error":"Method Not Allowed","exception":"org.springframework.web.HttpRequestMethodNotSupportedException","message":"Request method 'PUT' not supported","path":"/api/characters"}
15:49:39.088 [main] INFO  com.intuit.karate - karate.env system property was: dev 
15:49:39.149 [main] DEBUG com.intuit.karate - 
1 > POST http://localhost:8080/api/characters
1 > Accept-Encoding: gzip,deflate
1 > Connection: Keep-Alive
1 > Content-Length: 27
1 > Content-Type: application/json
1 > Host: localhost:8080
1 > User-Agent: Apache-HttpClient/4.5.3 (Java/1.8.0_25)
{"id":12345,"name":"dobby"}

15:49:39.156 [main] DEBUG com.intuit.karate - 
1 < 200
1 < Content-Type: application/json;charset=UTF-8
1 < Date: Thu, 17 Aug 2017 10:19:38 GMT
1 < Server: Apache-Coyote/1.1
1 < Transfer-Encoding: chunked
{"name":"dobby","id":5}

15:49:39.156 [main] DEBUG com.intuit.karate - response time in milliseconds: 7
15:49:39.272 [main] INFO  com.intuit.karate - karate.env system property was: dev 
15:49:39.360 [main] DEBUG com.intuit.karate - 
1 > POST http://localhost:8080/api/characters
1 > Accept-Encoding: gzip,deflate
1 > Connection: Keep-Alive
1 > Content-Length: 26
1 > Content-Type: application/json
1 > Host: localhost:8080
1 > User-Agent: Apache-HttpClient/4.5.3 (Java/1.8.0_25)
[{"id":0,"name":"string"}]

15:49:39.373 [main] DEBUG com.intuit.karate - 
1 < 400
1 < Connection: close
1 < Content-Type: application/json;charset=UTF-8
1 < Date: Thu, 17 Aug 2017 10:19:38 GMT
1 < Server: Apache-Coyote/1.1
1 < Transfer-Encoding: chunked
{"timestamp":1502965179370,"status":400,"error":"Bad Request","exception":"org.springframework.http.converter.HttpMessageNotReadableException","message":"Could not read document: Can not deserialize instance of com.Character.Character out of START_ARRAY token\n at [Source: java.io.PushbackInputStream@6243447f; line: 1, column: 1]; nested exception is com.fasterxml.jackson.databind.JsonMappingException: Can not deserialize instance of com.Character.Character out of START_ARRAY token\n at [Source: java.io.PushbackInputStream@6243447f; line: 1, column: 1]","path":"/api/characters"}

15:49:39.374 [main] DEBUG com.intuit.karate - response time in milliseconds: 15
15:49:39.375 [main] ERROR com.intuit.karate - status code was: 400, expected: 200, response time: 15, url: http://localhost:8080/api/characters, response: {"timestamp":1502965179370,"status":400,"error":"Bad Request","exception":"org.springframework.http.converter.HttpMessageNotReadableException","message":"Could not read document: Can not deserialize instance of com.Character.Character out of START_ARRAY token\n at [Source: java.io.PushbackInputStream@6243447f; line: 1, column: 1]; nested exception is com.fasterxml.jackson.databind.JsonMappingException: Can not deserialize instance of com.Character.Character out of START_ARRAY token\n at [Source: java.io.PushbackInputStream@6243447f; line: 1, column: 1]","path":"/api/characters"}
15:50:07.714 [main] DEBUG c.i.karate.cucumber.CucumberRunner - init test class: class examples.ExamplesTest
15:50:07.835 [main] DEBUG c.i.karate.cucumber.CucumberRunner - loading feature: /D:/xampp/htdocs/Manoj/filesharing/javaTraining/from%20github/myproject/target/test-classes/examples/Character/character.feature
15:50:07.855 [main] DEBUG c.i.karate.cucumber.CucumberRunner - loading feature: /D:/xampp/htdocs/Manoj/filesharing/javaTraining/from%20github/myproject/target/test-classes/examples/users/character.feature
15:50:08.494 [main] INFO  com.intuit.karate - karate.env system property was: dev 
15:50:08.904 [main] DEBUG com.intuit.karate - 
1 > PUT http://localhost:8080/api/characters/333
1 > Accept-Encoding: gzip,deflate
1 > Connection: Keep-Alive
1 > Content-Length: 25
1 > Content-Type: application/json
1 > Host: localhost:8080
1 > User-Agent: Apache-HttpClient/4.5.3 (Java/1.8.0_25)
{"id":333,"name":"sssss"}

15:50:09.037 [main] DEBUG com.intuit.karate - 
1 < 500
1 < Connection: close
1 < Content-Type: application/json;charset=UTF-8
1 < Date: Thu, 17 Aug 2017 10:20:08 GMT
1 < Server: Apache-Coyote/1.1
1 < Transfer-Encoding: chunked
{"timestamp":1502965208979,"status":500,"error":"Internal Server Error","exception":"javax.persistence.EntityNotFoundException","message":"Unable to find com.Character.Character with id 333","path":"/api/characters/333"}

15:50:09.038 [main] DEBUG com.intuit.karate - response time in milliseconds: 365
15:50:09.041 [main] ERROR com.intuit.karate - status code was: 500, expected: 200, response time: 365, url: http://localhost:8080/api/characters/333, response: {"timestamp":1502965208979,"status":500,"error":"Internal Server Error","exception":"javax.persistence.EntityNotFoundException","message":"Unable to find com.Character.Character with id 333","path":"/api/characters/333"}
15:50:09.169 [main] INFO  com.intuit.karate - karate.env system property was: dev 
15:50:09.227 [main] DEBUG com.intuit.karate - 
1 > POST http://localhost:8080/api/characters
1 > Accept-Encoding: gzip,deflate
1 > Connection: Keep-Alive
1 > Content-Length: 27
1 > Content-Type: application/json
1 > Host: localhost:8080
1 > User-Agent: Apache-HttpClient/4.5.3 (Java/1.8.0_25)
{"id":12345,"name":"dobby"}

15:50:09.234 [main] DEBUG com.intuit.karate - 
1 < 200
1 < Content-Type: application/json;charset=UTF-8
1 < Date: Thu, 17 Aug 2017 10:20:08 GMT
1 < Server: Apache-Coyote/1.1
1 < Transfer-Encoding: chunked
{"name":"dobby","id":6}

15:50:09.234 [main] DEBUG com.intuit.karate - response time in milliseconds: 9
15:50:09.322 [main] INFO  com.intuit.karate - karate.env system property was: dev 
15:50:09.412 [main] DEBUG com.intuit.karate - 
1 > POST http://localhost:8080/api/characters
1 > Accept-Encoding: gzip,deflate
1 > Connection: Keep-Alive
1 > Content-Length: 26
1 > Content-Type: application/json
1 > Host: localhost:8080
1 > User-Agent: Apache-HttpClient/4.5.3 (Java/1.8.0_25)
[{"id":0,"name":"string"}]

15:50:09.421 [main] DEBUG com.intuit.karate - 
1 < 400
1 < Connection: close
1 < Content-Type: application/json;charset=UTF-8
1 < Date: Thu, 17 Aug 2017 10:20:08 GMT
1 < Server: Apache-Coyote/1.1
1 < Transfer-Encoding: chunked
{"timestamp":1502965209419,"status":400,"error":"Bad Request","exception":"org.springframework.http.converter.HttpMessageNotReadableException","message":"Could not read document: Can not deserialize instance of com.Character.Character out of START_ARRAY token\n at [Source: java.io.PushbackInputStream@6d7d922f; line: 1, column: 1]; nested exception is com.fasterxml.jackson.databind.JsonMappingException: Can not deserialize instance of com.Character.Character out of START_ARRAY token\n at [Source: java.io.PushbackInputStream@6d7d922f; line: 1, column: 1]","path":"/api/characters"}

15:50:09.422 [main] DEBUG com.intuit.karate - response time in milliseconds: 13
15:50:09.423 [main] ERROR com.intuit.karate - status code was: 400, expected: 200, response time: 13, url: http://localhost:8080/api/characters, response: {"timestamp":1502965209419,"status":400,"error":"Bad Request","exception":"org.springframework.http.converter.HttpMessageNotReadableException","message":"Could not read document: Can not deserialize instance of com.Character.Character out of START_ARRAY token\n at [Source: java.io.PushbackInputStream@6d7d922f; line: 1, column: 1]; nested exception is com.fasterxml.jackson.databind.JsonMappingException: Can not deserialize instance of com.Character.Character out of START_ARRAY token\n at [Source: java.io.PushbackInputStream@6d7d922f; line: 1, column: 1]","path":"/api/characters"}
15:52:26.182 [main] DEBUG c.i.karate.cucumber.CucumberRunner - init test class: class examples.ExamplesTest
15:52:26.324 [main] DEBUG c.i.karate.cucumber.CucumberRunner - loading feature: /D:/xampp/htdocs/Manoj/filesharing/javaTraining/from%20github/myproject/target/test-classes/examples/Character/character.feature
15:52:26.349 [main] DEBUG c.i.karate.cucumber.CucumberRunner - loading feature: /D:/xampp/htdocs/Manoj/filesharing/javaTraining/from%20github/myproject/target/test-classes/examples/users/character.feature
15:52:27.016 [main] INFO  com.intuit.karate - karate.env system property was: dev 
15:52:27.369 [main] DEBUG com.intuit.karate - 
1 > POST http://localhost:8080/api/characters
1 > Accept-Encoding: gzip,deflate
1 > Connection: Keep-Alive
1 > Content-Length: 171
1 > Content-Type: application/json
1 > Host: localhost:8080
1 > User-Agent: Apache-HttpClient/4.5.3 (Java/1.8.0_25)
[{"name":"string","id":1},{"name":"sssss","id":2},{"name":"sssss","id":3},{"name":"dobby","id":4},{"name":"dobby","id":5},{"name":"dobby","id":6},{"name":"string","id":7}]

15:52:27.408 [main] DEBUG com.intuit.karate - 
1 < 400
1 < Connection: close
1 < Content-Type: application/json;charset=UTF-8
1 < Date: Thu, 17 Aug 2017 10:22:27 GMT
1 < Server: Apache-Coyote/1.1
1 < Transfer-Encoding: chunked
{"timestamp":1502965347398,"status":400,"error":"Bad Request","exception":"org.springframework.http.converter.HttpMessageNotReadableException","message":"Could not read document: Can not deserialize instance of com.Character.Character out of START_ARRAY token\n at [Source: java.io.PushbackInputStream@658ed459; line: 1, column: 1]; nested exception is com.fasterxml.jackson.databind.JsonMappingException: Can not deserialize instance of com.Character.Character out of START_ARRAY token\n at [Source: java.io.PushbackInputStream@658ed459; line: 1, column: 1]","path":"/api/characters"}

15:52:27.410 [main] DEBUG com.intuit.karate - response time in milliseconds: 241
15:52:27.499 [main] ERROR com.intuit.karate - status code was: 400, expected: 200, response time: 241, url: http://localhost:8080/api/characters, response: {"timestamp":1502965347398,"status":400,"error":"Bad Request","exception":"org.springframework.http.converter.HttpMessageNotReadableException","message":"Could not read document: Can not deserialize instance of com.Character.Character out of START_ARRAY token\n at [Source: java.io.PushbackInputStream@658ed459; line: 1, column: 1]; nested exception is com.fasterxml.jackson.databind.JsonMappingException: Can not deserialize instance of com.Character.Character out of START_ARRAY token\n at [Source: java.io.PushbackInputStream@658ed459; line: 1, column: 1]","path":"/api/characters"}
15:52:27.628 [main] INFO  com.intuit.karate - karate.env system property was: dev 
15:52:27.695 [main] DEBUG com.intuit.karate - 
1 > POST http://localhost:8080/api/characters
1 > Accept-Encoding: gzip,deflate
1 > Connection: Keep-Alive
1 > Content-Length: 26
1 > Content-Type: application/json
1 > Host: localhost:8080
1 > User-Agent: Apache-HttpClient/4.5.3 (Java/1.8.0_25)
[{"id":0,"name":"string"}]

15:52:27.704 [main] DEBUG com.intuit.karate - 
1 < 400
1 < Connection: close
1 < Content-Type: application/json;charset=UTF-8
1 < Date: Thu, 17 Aug 2017 10:22:27 GMT
1 < Server: Apache-Coyote/1.1
1 < Transfer-Encoding: chunked
{"timestamp":1502965347699,"status":400,"error":"Bad Request","exception":"org.springframework.http.converter.HttpMessageNotReadableException","message":"Could not read document: Can not deserialize instance of com.Character.Character out of START_ARRAY token\n at [Source: java.io.PushbackInputStream@53c0f490; line: 1, column: 1]; nested exception is com.fasterxml.jackson.databind.JsonMappingException: Can not deserialize instance of com.Character.Character out of START_ARRAY token\n at [Source: java.io.PushbackInputStream@53c0f490; line: 1, column: 1]","path":"/api/characters"}

15:52:27.704 [main] DEBUG com.intuit.karate - response time in milliseconds: 10
15:52:27.708 [main] ERROR com.intuit.karate - status code was: 400, expected: 200, response time: 10, url: http://localhost:8080/api/characters, response: {"timestamp":1502965347699,"status":400,"error":"Bad Request","exception":"org.springframework.http.converter.HttpMessageNotReadableException","message":"Could not read document: Can not deserialize instance of com.Character.Character out of START_ARRAY token\n at [Source: java.io.PushbackInputStream@53c0f490; line: 1, column: 1]; nested exception is com.fasterxml.jackson.databind.JsonMappingException: Can not deserialize instance of com.Character.Character out of START_ARRAY token\n at [Source: java.io.PushbackInputStream@53c0f490; line: 1, column: 1]","path":"/api/characters"}
15:52:42.637 [main] DEBUG c.i.karate.cucumber.CucumberRunner - init test class: class examples.ExamplesTest
15:52:42.794 [main] DEBUG c.i.karate.cucumber.CucumberRunner - loading feature: /D:/xampp/htdocs/Manoj/filesharing/javaTraining/from%20github/myproject/target/test-classes/examples/users/character.feature
15:52:43.529 [main] INFO  com.intuit.karate - karate.env system property was: dev 
15:52:43.869 [main] DEBUG com.intuit.karate - 
1 > POST http://localhost:8080/api/characters
1 > Accept-Encoding: gzip,deflate
1 > Connection: Keep-Alive
1 > Content-Length: 26
1 > Content-Type: application/json
1 > Host: localhost:8080
1 > User-Agent: Apache-HttpClient/4.5.3 (Java/1.8.0_25)
[{"id":0,"name":"string"}]

15:52:43.970 [main] DEBUG com.intuit.karate - 
1 < 400
1 < Connection: close
1 < Content-Type: application/json;charset=UTF-8
1 < Date: Thu, 17 Aug 2017 10:22:43 GMT
1 < Server: Apache-Coyote/1.1
1 < Transfer-Encoding: chunked
{"timestamp":1502965363901,"status":400,"error":"Bad Request","exception":"org.springframework.http.converter.HttpMessageNotReadableException","message":"Could not read document: Can not deserialize instance of com.Character.Character out of START_ARRAY token\n at [Source: java.io.PushbackInputStream@19d89fef; line: 1, column: 1]; nested exception is com.fasterxml.jackson.databind.JsonMappingException: Can not deserialize instance of com.Character.Character out of START_ARRAY token\n at [Source: java.io.PushbackInputStream@19d89fef; line: 1, column: 1]","path":"/api/characters"}

15:52:43.971 [main] DEBUG com.intuit.karate - response time in milliseconds: 315
15:52:43.974 [main] ERROR com.intuit.karate - status code was: 400, expected: 200, response time: 315, url: http://localhost:8080/api/characters, response: {"timestamp":1502965363901,"status":400,"error":"Bad Request","exception":"org.springframework.http.converter.HttpMessageNotReadableException","message":"Could not read document: Can not deserialize instance of com.Character.Character out of START_ARRAY token\n at [Source: java.io.PushbackInputStream@19d89fef; line: 1, column: 1]; nested exception is com.fasterxml.jackson.databind.JsonMappingException: Can not deserialize instance of com.Character.Character out of START_ARRAY token\n at [Source: java.io.PushbackInputStream@19d89fef; line: 1, column: 1]","path":"/api/characters"}
15:56:52.153 [main] DEBUG c.i.karate.cucumber.CucumberRunner - init test class: class examples.ExamplesTest
15:56:52.312 [main] DEBUG c.i.karate.cucumber.CucumberRunner - loading feature: /D:/xampp/htdocs/Manoj/filesharing/javaTraining/from%20github/myproject/target/test-classes/examples/Character/character.feature
15:56:52.346 [main] DEBUG c.i.karate.cucumber.CucumberRunner - loading feature: /D:/xampp/htdocs/Manoj/filesharing/javaTraining/from%20github/myproject/target/test-classes/examples/users/character.feature
15:56:52.970 [main] INFO  com.intuit.karate - karate.env system property was: dev 
15:56:53.309 [main] DEBUG com.intuit.karate - 
1 > POST http://localhost:8080/api/characters
1 > Accept-Encoding: gzip,deflate
1 > Connection: Keep-Alive
1 > Content-Length: 23
1 > Content-Type: application/json
1 > Host: localhost:8080
1 > User-Agent: Apache-HttpClient/4.5.3 (Java/1.8.0_25)
{"name":"dobby","id":4}

15:56:53.366 [main] DEBUG com.intuit.karate - 
1 < 200
1 < Content-Type: application/json;charset=UTF-8
1 < Date: Thu, 17 Aug 2017 10:26:53 GMT
1 < Server: Apache-Coyote/1.1
1 < Transfer-Encoding: chunked
{"name":"dobby","id":9}

15:56:53.441 [main] DEBUG com.intuit.karate - response time in milliseconds: 240
15:56:53.606 [main] INFO  com.intuit.karate - karate.env system property was: dev 
15:56:53.683 [main] DEBUG com.intuit.karate - 
1 > POST http://localhost:8080/api/characters
1 > Accept-Encoding: gzip,deflate
1 > Connection: Keep-Alive
1 > Content-Length: 26
1 > Content-Type: application/json
1 > Host: localhost:8080
1 > User-Agent: Apache-HttpClient/4.5.3 (Java/1.8.0_25)
[{"id":0,"name":"string"}]

15:56:53.739 [main] DEBUG com.intuit.karate - 
1 < 400
1 < Connection: close
1 < Content-Type: application/json;charset=UTF-8
1 < Date: Thu, 17 Aug 2017 10:26:53 GMT
1 < Server: Apache-Coyote/1.1
1 < Transfer-Encoding: chunked
{"timestamp":1502965613732,"status":400,"error":"Bad Request","exception":"org.springframework.http.converter.HttpMessageNotReadableException","message":"Could not read document: Can not deserialize instance of com.Character.Character out of START_ARRAY token\n at [Source: java.io.PushbackInputStream@691c3cc7; line: 1, column: 1]; nested exception is com.fasterxml.jackson.databind.JsonMappingException: Can not deserialize instance of com.Character.Character out of START_ARRAY token\n at [Source: java.io.PushbackInputStream@691c3cc7; line: 1, column: 1]","path":"/api/characters"}

15:56:53.740 [main] DEBUG com.intuit.karate - response time in milliseconds: 57
15:56:53.742 [main] ERROR com.intuit.karate - status code was: 400, expected: 200, response time: 57, url: http://localhost:8080/api/characters, response: {"timestamp":1502965613732,"status":400,"error":"Bad Request","exception":"org.springframework.http.converter.HttpMessageNotReadableException","message":"Could not read document: Can not deserialize instance of com.Character.Character out of START_ARRAY token\n at [Source: java.io.PushbackInputStream@691c3cc7; line: 1, column: 1]; nested exception is com.fasterxml.jackson.databind.JsonMappingException: Can not deserialize instance of com.Character.Character out of START_ARRAY token\n at [Source: java.io.PushbackInputStream@691c3cc7; line: 1, column: 1]","path":"/api/characters"}
15:58:44.302 [main] DEBUG c.i.karate.cucumber.CucumberRunner - init test class: class examples.ExamplesTest
15:59:34.183 [main] DEBUG c.i.karate.cucumber.CucumberRunner - init test class: class examples.ExamplesTest
16:03:34.214 [main] DEBUG c.i.karate.cucumber.CucumberRunner - init test class: class examples.ExamplesTest
16:03:34.439 [main] DEBUG c.i.karate.cucumber.CucumberRunner - loading feature: /D:/xampp/htdocs/Manoj/filesharing/javaTraining/from%20github/myproject/target/test-classes/examples/Character/character.feature
16:03:34.475 [main] DEBUG c.i.karate.cucumber.CucumberRunner - loading feature: /D:/xampp/htdocs/Manoj/filesharing/javaTraining/from%20github/myproject/target/test-classes/examples/users/character.feature
16:03:35.170 [main] INFO  com.intuit.karate - karate.env system property was: dev 
16:03:35.622 [main] DEBUG com.intuit.karate - 
1 > POST http://localhost:8080/api/characters
1 > Accept-Encoding: gzip,deflate
1 > Connection: Keep-Alive
1 > Content-Length: 23
1 > Content-Type: application/json
1 > Host: localhost:8080
1 > User-Agent: Apache-HttpClient/4.5.3 (Java/1.8.0_25)
{"name":"dobby","id":4}

16:03:35.677 [main] DEBUG com.intuit.karate - 
1 < 200
1 < Content-Type: application/json;charset=UTF-8
1 < Date: Thu, 17 Aug 2017 10:33:35 GMT
1 < Server: Apache-Coyote/1.1
1 < Transfer-Encoding: chunked
{"name":"dobby","id":10}

16:03:35.745 [main] DEBUG com.intuit.karate - response time in milliseconds: 408
16:03:35.894 [main] INFO  com.intuit.karate - karate.env system property was: dev 
16:03:35.967 [main] DEBUG com.intuit.karate - 
1 > POST http://localhost:8080/api/characters
1 > Accept-Encoding: gzip,deflate
1 > Connection: Keep-Alive
1 > Content-Length: 26
1 > Content-Type: application/json
1 > Host: localhost:8080
1 > User-Agent: Apache-HttpClient/4.5.3 (Java/1.8.0_25)
[{"id":0,"name":"string"}]

16:03:35.976 [main] DEBUG com.intuit.karate - 
1 < 400
1 < Connection: close
1 < Content-Type: application/json;charset=UTF-8
1 < Date: Thu, 17 Aug 2017 10:33:35 GMT
1 < Server: Apache-Coyote/1.1
1 < Transfer-Encoding: chunked
{"timestamp":1502966015972,"status":400,"error":"Bad Request","exception":"org.springframework.http.converter.HttpMessageNotReadableException","message":"Could not read document: Can not deserialize instance of com.Character.Character out of START_ARRAY token\n at [Source: java.io.PushbackInputStream@144ecff7; line: 1, column: 1]; nested exception is com.fasterxml.jackson.databind.JsonMappingException: Can not deserialize instance of com.Character.Character out of START_ARRAY token\n at [Source: java.io.PushbackInputStream@144ecff7; line: 1, column: 1]","path":"/api/characters"}

16:03:35.976 [main] DEBUG com.intuit.karate - response time in milliseconds: 10
16:03:35.977 [main] ERROR com.intuit.karate - status code was: 400, expected: 200, response time: 10, url: http://localhost:8080/api/characters, response: {"timestamp":1502966015972,"status":400,"error":"Bad Request","exception":"org.springframework.http.converter.HttpMessageNotReadableException","message":"Could not read document: Can not deserialize instance of com.Character.Character out of START_ARRAY token\n at [Source: java.io.PushbackInputStream@144ecff7; line: 1, column: 1]; nested exception is com.fasterxml.jackson.databind.JsonMappingException: Can not deserialize instance of com.Character.Character out of START_ARRAY token\n at [Source: java.io.PushbackInputStream@144ecff7; line: 1, column: 1]","path":"/api/characters"}
16:29:31.295 [main] DEBUG c.i.karate.cucumber.CucumberRunner - init test class: class examples.ExamplesTest
16:29:31.440 [main] DEBUG c.i.karate.cucumber.CucumberRunner - loading feature: /D:/xampp/htdocs/Manoj/filesharing/javaTraining/from%20github/myproject/target/test-classes/examples/Character/character.feature
16:29:31.468 [main] DEBUG c.i.karate.cucumber.CucumberRunner - loading feature: /D:/xampp/htdocs/Manoj/filesharing/javaTraining/from%20github/myproject/target/test-classes/examples/users/character.feature
16:29:32.045 [main] INFO  com.intuit.karate - karate.env system property was: dev 
16:29:32.495 [main] DEBUG com.intuit.karate - 
1 > POST http://localhost:8080/api/characters
1 > Accept-Encoding: gzip,deflate
1 > Connection: Keep-Alive
1 > Content-Length: 23
1 > Content-Type: application/json
1 > Host: localhost:8080
1 > User-Agent: Apache-HttpClient/4.5.3 (Java/1.8.0_25)
{"name":"dobby","id":4}

16:29:34.577 [main] ERROR com.intuit.karate - org.apache.http.conn.HttpHostConnectException: Connect to localhost:8080 [localhost/127.0.0.1, localhost/0:0:0:0:0:0:0:1] failed: Connection refused: connect, http call failed after 2341 milliseconds for URL: http://localhost:8080/api/characters
16:29:34.806 [main] INFO  com.intuit.karate - karate.env system property was: dev 
16:29:34.856 [main] DEBUG com.intuit.karate - 
1 > POST http://localhost:8080/api/characters
1 > Accept-Encoding: gzip,deflate
1 > Connection: Keep-Alive
1 > Content-Length: 26
1 > Content-Type: application/json
1 > Host: localhost:8080
1 > User-Agent: Apache-HttpClient/4.5.3 (Java/1.8.0_25)
[{"id":0,"name":"string"}]

16:29:36.911 [main] ERROR com.intuit.karate - org.apache.http.conn.HttpHostConnectException: Connect to localhost:8080 [localhost/127.0.0.1, localhost/0:0:0:0:0:0:0:1] failed: Connection refused: connect, http call failed after 2056 milliseconds for URL: http://localhost:8080/api/characters
